<?xml version="1.0" encoding="UTF-8"?>
<testsuite name="Test" tests="4" skipped="0" failures="0" errors="0" timestamp="2019-07-14T14:28:04" hostname="Alterra-Gadget-MacBook-Air.local" time="0.038">
  <properties/>
  <testcase name="test1" classname="Test" time="0.036"/>
  <testcase name="test2" classname="Test" time="0.001"/>
  <testcase name="test3" classname="Test" time="0.001"/>
  <testcase name="test4" classname="Test" time="0.0"/>
  <system-out><![CDATA[]]></system-out>
  <system-err><![CDATA[]]></system-err>
</testsuite>
