<?xml version="1.0" encoding="UTF-8"?>
<testsuite name="Test" tests="2" skipped="0" failures="0" errors="0" timestamp="2019-07-14T11:17:56" hostname="Alterra-Gadget-MacBook-Air.local" time="0.004">
  <properties/>
  <testcase name="testNull" classname="Test" time="0.003"/>
  <testcase name="testNonNull" classname="Test" time="0.001"/>
  <system-out><![CDATA[]]></system-out>
  <system-err><![CDATA[]]></system-err>
</testsuite>
