<?xml version="1.0" encoding="UTF-8"?>
<testsuite name="Test" tests="2" skipped="0" failures="0" errors="0" timestamp="2019-07-14T11:57:24" hostname="Alterra-Gadget-MacBook-Air.local" time="0.007">
  <properties/>
  <testcase name="testFalse" classname="Test" time="0.006"/>
  <testcase name="testTrue" classname="Test" time="0.0"/>
  <system-out><![CDATA[]]></system-out>
  <system-err><![CDATA[]]></system-err>
</testsuite>
